#
# There is insufficient memory for the Java Runtime Environment to continue.
# Native memory allocation (mmap) failed to map 172032 bytes for object start array expansion
# Possible reasons:
#   The system is out of physical RAM or swap space
#   In 32 bit mode, the process size limit was hit
# Possible solutions:
#   Reduce memory load on the system
#   Increase physical memory or swap space
#   Check if swap backing store is full
#   Use 64 bit Java on a 64 bit OS
#   Decrease Java heap size (-Xmx/-Xms)
#   Decrease number of Java threads
#   Decrease Java thread stack sizes (-Xss)
#   Set larger code cache with -XX:ReservedCodeCacheSize=
# This output file may be truncated or incomplete.
#
#  Out of Memory Error (objectStartArray.cpp:102), pid=22216, tid=0x0000000000003d0c
#
# JRE version:  (8.0_144-b01) (build )
# Java VM: Java HotSpot(TM) 64-Bit Server VM (25.144-b01 mixed mode windows-amd64 compressed oops)
# Failed to write core dump. Minidumps are not enabled by default on client versions of Windows
#

---------------  T H R E A D  ---------------

Current thread (0x0000000002a04800):  JavaThread "Unknown thread" [_thread_in_vm, id=15628, stack(0x0000000002800000,0x0000000002900000)]

Stack: [0x0000000002800000,0x0000000002900000]
[error occurred during error reporting (printing stack bounds), id 0xc0000005]

Native frames: (J=compiled Java code, j=interpreted, Vv=VM code, C=native code)


---------------  P R O C E S S  ---------------

Java Threads: ( => current thread )

Other Threads:

=>0x0000000002a04800 (exited) JavaThread "Unknown thread" [_thread_in_vm, id=15628, stack(0x0000000002800000,0x0000000002900000)]

VM state:not at safepoint (not fully initialized)

VM Mutex/Monitor currently owned by a thread: None

GC Heap History (0 events):
No events

Deoptimization events (0 events):
No events

Internal exceptions (0 events):
No events

Events (0 events):
No events


Dynamic libraries:
0x00007ff7ac350000 - 0x00007ff7ac387000 	D:\Java\JDK8\bin\java.exe
0x00007ffbf4030000 - 0x00007ffbf4225000 	C:\WINDOWS\SYSTEM32\ntdll.dll
0x00007ffbf3e80000 - 0x00007ffbf3f3d000 	C:\WINDOWS\System32\KERNEL32.DLL
0x00007ffbf19e0000 - 0x00007ffbf1ca9000 	C:\WINDOWS\System32\KERNELBASE.dll
0x00007ffbf28c0000 - 0x00007ffbf296c000 	C:\WINDOWS\System32\ADVAPI32.dll
0x00007ffbf3f40000 - 0x00007ffbf3fde000 	C:\WINDOWS\System32\msvcrt.dll
0x00007ffbf3a10000 - 0x00007ffbf3aab000 	C:\WINDOWS\System32\sechost.dll
0x00007ffbf20a0000 - 0x00007ffbf21ca000 	C:\WINDOWS\System32\RPCRT4.dll
0x00007ffbf2970000 - 0x00007ffbf2b10000 	C:\WINDOWS\System32\USER32.dll
0x00007ffbf1860000 - 0x00007ffbf1882000 	C:\WINDOWS\System32\win32u.dll
0x00007ffbf2d40000 - 0x00007ffbf2d6a000 	C:\WINDOWS\System32\GDI32.dll
0x00007ffbf1d80000 - 0x00007ffbf1e8b000 	C:\WINDOWS\System32\gdi32full.dll
0x00007ffbf1cb0000 - 0x00007ffbf1d4d000 	C:\WINDOWS\System32\msvcp_win.dll
0x00007ffbf18e0000 - 0x00007ffbf19e0000 	C:\WINDOWS\System32\ucrtbase.dll
0x00007ffbdb430000 - 0x00007ffbdb6ca000 	C:\WINDOWS\WinSxS\amd64_microsoft.windows.common-controls_6595b64144ccf1df_6.0.19041.1083_none_60bbe31371f34e71\COMCTL32.dll
0x00007ffbf2640000 - 0x00007ffbf2670000 	C:\WINDOWS\System32\IMM32.DLL
0x000000006f340000 - 0x000000006f412000 	D:\Java\JDK8\jre\bin\msvcr100.dll
0x000000006eaa0000 - 0x000000006f33d000 	D:\Java\JDK8\jre\bin\server\jvm.dll
0x00007ffbf3fe0000 - 0x00007ffbf3fe8000 	C:\WINDOWS\System32\PSAPI.DLL
0x00007ffbf1320000 - 0x00007ffbf132a000 	C:\WINDOWS\SYSTEM32\VERSION.dll
0x00007ffbd7000000 - 0x00007ffbd7009000 	C:\WINDOWS\SYSTEM32\WSOCK32.dll
0x00007ffbd5750000 - 0x00007ffbd5777000 	C:\WINDOWS\SYSTEM32\WINMM.dll
0x00007ffbf2cd0000 - 0x00007ffbf2d3b000 	C:\WINDOWS\System32\WS2_32.dll
0x000000006ea90000 - 0x000000006ea9f000 	D:\Java\JDK8\jre\bin\verify.dll
0x000000006ea60000 - 0x000000006ea89000 	D:\Java\JDK8\jre\bin\java.dll
0x000000006e9d0000 - 0x000000006e9f3000 	D:\Java\JDK8\jre\bin\instrument.dll
0x000000006ea40000 - 0x000000006ea56000 	D:\Java\JDK8\jre\bin\zip.dll

VM Arguments:
jvm_args: -XX:TieredStopAtLevel=1 -Xverify:none -Dspring.output.ansi.enabled=always -javaagent:D:\IntelliJ IDEA 2021.1.3\lib\idea_rt.jar=56511:D:\IntelliJ IDEA 2021.1.3\bin -Dcom.sun.management.jmxremote -Dspring.jmx.enabled=true -Dspring.liveBeansView.mbeanDomain -Dspring.application.admin.enabled=true -Dfile.encoding=UTF-8 
java_command: com.example.web.WebApplication
java_class_path (initial): D:\java\JDK8\jre\lib\charsets.jar;D:\java\JDK8\jre\lib\deploy.jar;D:\java\JDK8\jre\lib\ext\access-bridge-64.jar;D:\java\JDK8\jre\lib\ext\cldrdata.jar;D:\java\JDK8\jre\lib\ext\dnsns.jar;D:\java\JDK8\jre\lib\ext\jaccess.jar;D:\java\JDK8\jre\lib\ext\jfxrt.jar;D:\java\JDK8\jre\lib\ext\localedata.jar;D:\java\JDK8\jre\lib\ext\nashorn.jar;D:\java\JDK8\jre\lib\ext\sunec.jar;D:\java\JDK8\jre\lib\ext\sunjce_provider.jar;D:\java\JDK8\jre\lib\ext\sunmscapi.jar;D:\java\JDK8\jre\lib\ext\sunpkcs11.jar;D:\java\JDK8\jre\lib\ext\zipfs.jar;D:\java\JDK8\jre\lib\javaws.jar;D:\java\JDK8\jre\lib\jce.jar;D:\java\JDK8\jre\lib\jfr.jar;D:\java\JDK8\jre\lib\jfxswt.jar;D:\java\JDK8\jre\lib\jsse.jar;D:\java\JDK8\jre\lib\management-agent.jar;D:\java\JDK8\jre\lib\plugin.jar;D:\java\JDK8\jre\lib\resources.jar;D:\java\JDK8\jre\lib\rt.jar;C:\Users\memory\Desktop\DotTraining\Web\target\classes;C:\Users\memory\.m2\repository\org\springframework\boot\spring-boot-starter-web\1.4.1.RELEASE\spring-boot-starter-web-1.4.1.RELEASE.jar;C:\Users\memory\.m2\repository\org\springframework\boot\spring-boot-starter\1.4.1.RELEASE\spring-boot-starter-1.4.1.RELEASE.jar;C:\Users\memory\.m2\repository\org\springframework\boot\spring-boot\1.4.1.RELEASE\spring-boot-1.4.1.RELEASE.jar;C:\Users\memory\.m2\repository\org\springframework\boot\spring-boot-autoconfigure\1.4.1.RELEASE\spring-boot-autoconfigure-1.4.1.RELEASE.jar;C:\Users\memory\.m2\repository\org\springframework\boot\spring-boot-starter-logging\1.4.1.RELEASE\spring-boot-starter-logging-1.4.1.RELEASE.jar;C:\Users\memory\.m2\repository\ch\qos\logback\logback-classic\1.1.7\logback-classic-1.1.7.jar;C:\Users\memory\.m2\repository\ch\qos\logback\logback-core\1.1.7\logback-core-1.1.7.jar;C:\Users\memory\.m2\repository\org\slf4j\jul-to-slf4j\1.7.21\jul-to-slf4j-1.7.21.jar;C:\Users\memory\.m2\repository\org\slf4j\log4j-over-slf4j\1.7.21\log4j-over-slf4j-1.7.21.jar;C:\Users\memory\.m2\repository\org\yaml\snakeyaml\1.17\snakeyaml-1.17.jar;C:\Use
Launcher Type: SUN_STANDARD

Environment Variables:
JAVA_HOME=D:\java\JDK8
PATH=D:\java\JDK8\bin;D:\java\JDK8\jre\bin;C:\ProgramData\Oracle\Java\javapath;C:\Windows\system32;C:\Windows;C:\Windows\System32\Wbem;C:\Windows\System32\WindowsPowerShell\v1.0\;C:\Windows\System32\OpenSSH\;C:\Program Files (x86)\Intel\Intel(R) Management Engine Components\DAL;C:\Program Files\Intel\Intel(R) Management Engine Components\DAL;C:\Program Files\Intel\WiFi\bin\;C:\Program Files\Common Files\Intel\WirelessCommon\;C:\WINDOWS\system32;C:\WINDOWS;C:\WINDOWS\System32\Wbem;C:\WINDOWS\System32\WindowsPowerShell\v1.0\;C:\WINDOWS\System32\OpenSSH\;C:\Program Files (x86)\NVIDIA Corporation\PhysX\Common;C:\Program Files\NVIDIA Corporation\NVIDIA NvDLISR\;C:\Program Files\dotnet\;C:\WINDOWS\system32;C:\WINDOWS;C:\WINDOWS\System32\Wbem;C:\WINDOWS\System32\WindowsPowerShell\v1.0\;C:\WINDOWS\System32\OpenSSH\;D:\mysql\mysql-8.0.11-winx64\mysql-8.0.11-winx64\bin;C:\Program Files\Git\cmd;C:\Program Files\Microsoft SQL Server\130\Tools\Binn\;C:\Program Files\Microsoft SQL Server\Client SDK\ODBC\170\Tools\Binn\;%CATALINA_HOME%\lib;%CATALINA_HOME%\lib\servlet-api.jar;%CATALINA_HOME%\lib\jsp-api.jar;D:\xshell\;D:\xftp\;D:\Node\;C:\Users\memory\AppData\Local\Programs\Python\Python38\Scripts\;C:\Users\memory\AppData\Local\Programs\Python\Python38\;C:\Users\memory\AppData\Local\Microsoft\WindowsApps;C:\Program Files\Bandizip\;C:\Users\memory\.dotnet\tools;D:\PyCharm 2020.3.3\bin;;D:\Microsoft VS Code\bin;C:\ProgramData\memory\GitHubDesktop\bin;C:\Users\memory\AppData\Local\GitHubDesktop\bin;D:\IntelliJ IDEA 2021.1.3\bin;;D:\Node\node_global\;
USERNAME=memory
OS=Windows_NT
PROCESSOR_IDENTIFIER=Intel64 Family 6 Model 158 Stepping 10, GenuineIntel



---------------  S Y S T E M  ---------------

OS: Windows 10.0 , 64 bit Build 19041 (10.0.19041.1023)

CPU:total 12 (initial active 12) (6 cores per cpu, 2 threads per core) family 6 model 158 stepping 10, cmov, cx8, fxsr, mmx, sse, sse2, sse3, ssse3, sse4.1, sse4.2, popcnt, avx, avx2, aes, clmul, erms, 3dnowpref, lzcnt, ht, tsc, tscinvbit, bmi1, bmi2, adx

Memory: 4k page, physical 8235788k(1157728k free), swap 14527244k(5196k free)

vm_info: Java HotSpot(TM) 64-Bit Server VM (25.144-b01) for windows-amd64 JRE (1.8.0_144-b01), built on Jul 21 2017 21:57:33 by "java_re" with MS VC++ 10.0 (VS2010)

time: Sun Jul 11 19:43:32 2021
elapsed time: 0 seconds (0d 0h 0m 0s)

